# JRE version: Java(TM) SE Runtime Environment (8.0_221-b11) (build 1.8.0_221-b11)
# Java VM: Java HotSpot(TM) 64-Bit Server VM (25.221-b11 mixed mode windows-amd64 compressed oops)
Heap:
 PSYoungGen      total 92672K, used 70356K [0x00000000e0000000, 0x00000000e7a80000, 0x0000000100000000)
  eden space 79872K, 74% used [0x00000000e0000000,0x00000000e3a41268,0x00000000e4e00000)
  from space 12800K, 83% used [0x00000000e4e00000,0x00000000e5873fa8,0x00000000e5a80000)
  to   space 13312K, 0% used [0x00000000e6d80000,0x00000000e6d80000,0x00000000e7a80000)
 ParOldGen       total 129536K, used 18032K [0x00000000a0000000, 0x00000000a7e80000, 0x00000000e0000000)
  object space 129536K, 13% used [0x00000000a0000000,0x00000000a119c2e0,0x00000000a7e80000)
 Metaspace       used 47683K, capacity 48861K, committed 49192K, reserved 1091584K
  class space    used 6556K, capacity 6892K, committed 6952K, reserved 1048576K
GC Heap History (10 events):
Event: 16.792 GC heap before
{Heap before GC invocations=7 (full 1):
 PSYoungGen      total 55808K, used 54597K [0x00000000e0000000, 0x00000000e4700000, 0x0000000100000000)
  eden space 48128K, 100% used [0x00000000e0000000,0x00000000e2f00000,0x00000000e2f00000)
  from space 7680K, 84% used [0x00000000e2f80000,0x00000000e35d16e0,0x00000000e3700000)
  to   space 12288K, 0% used [0x00000000e3b00000,0x00000000e3b00000,0x00000000e4700000)
 ParOldGen       total 81920K, used 9819K [0x00000000a0000000, 0x00000000a5000000, 0x00000000e0000000)
  object space 81920K, 11% used [0x00000000a0000000,0x00000000a0996ff8,0x00000000a5000000)
 Metaspace       used 30212K, capacity 30816K, committed 31232K, reserved 1077248K
  class space    used 4197K, capacity 4343K, committed 4352K, reserved 1048576K
Event: 16.799 GC heap after
Heap after GC invocations=7 (full 1):
 PSYoungGen      total 60928K, used 7311K [0x00000000e0000000, 0x00000000e6300000, 0x0000000100000000)
  eden space 48640K, 0% used [0x00000000e0000000,0x00000000e0000000,0x00000000e2f80000)
  from space 12288K, 59% used [0x00000000e3b00000,0x00000000e4223d08,0x00000000e4700000)
  to   space 11776K, 0% used [0x00000000e2f80000,0x00000000e2f80000,0x00000000e3b00000)
 ParOldGen       total 81920K, used 9827K [0x00000000a0000000, 0x00000000a5000000, 0x00000000e0000000)
  object space 81920K, 11% used [0x00000000a0000000,0x00000000a0998ff8,0x00000000a5000000)
 Metaspace       used 30212K, capacity 30816K, committed 31232K, reserved 1077248K
  class space    used 4197K, capacity 4343K, committed 4352K, reserved 1048576K
}
Event: 17.314 GC heap before
{Heap before GC invocations=8 (full 1):
 PSYoungGen      total 60928K, used 55951K [0x00000000e0000000, 0x00000000e6300000, 0x0000000100000000)
  eden space 48640K, 100% used [0x00000000e0000000,0x00000000e2f80000,0x00000000e2f80000)
  from space 12288K, 59% used [0x00000000e3b00000,0x00000000e4223d08,0x00000000e4700000)
  to   space 11776K, 0% used [0x00000000e2f80000,0x00000000e2f80000,0x00000000e3b00000)
 ParOldGen       total 81920K, used 9827K [0x00000000a0000000, 0x00000000a5000000, 0x00000000e0000000)
  object space 81920K, 11% used [0x00000000a0000000,0x00000000a0998ff8,0x00000000a5000000)
 Metaspace       used 32863K, capacity 33440K, committed 33792K, reserved 1079296K
  class space    used 4617K, capacity 4791K, committed 4864K, reserved 1048576K
Event: 17.321 GC heap after
Heap after GC invocations=8 (full 1):
 PSYoungGen      total 60416K, used 8968K [0x00000000e0000000, 0x00000000e6600000, 0x0000000100000000)
  eden space 48640K, 0% used [0x00000000e0000000,0x00000000e0000000,0x00000000e2f80000)
  from space 11776K, 76% used [0x00000000e2f80000,0x00000000e38420e8,0x00000000e3b00000)
  to   space 11776K, 0% used [0x00000000e5a80000,0x00000000e5a80000,0x00000000e6600000)
 ParOldGen       total 81920K, used 9835K [0x00000000a0000000, 0x00000000a5000000, 0x00000000e0000000)
  object space 81920K, 12% used [0x00000000a0000000,0x00000000a099aff8,0x00000000a5000000)
 Metaspace       used 32863K, capacity 33440K, committed 33792K, reserved 1079296K
  class space    used 4617K, capacity 4791K, committed 4864K, reserved 1048576K
}
Event: 18.898 GC heap before
{Heap before GC invocations=9 (full 1):
 PSYoungGen      total 60416K, used 54968K [0x00000000e0000000, 0x00000000e6600000, 0x0000000100000000)
  eden space 48640K, 94% used [0x00000000e0000000,0x00000000e2cec278,0x00000000e2f80000)
  from space 11776K, 76% used [0x00000000e2f80000,0x00000000e38420e8,0x00000000e3b00000)
  to   space 11776K, 0% used [0x00000000e5a80000,0x00000000e5a80000,0x00000000e6600000)
 ParOldGen       total 81920K, used 9835K [0x00000000a0000000, 0x00000000a5000000, 0x00000000e0000000)
  object space 81920K, 12% used [0x00000000a0000000,0x00000000a099aff8,0x00000000a5000000)
 Metaspace       used 34614K, capacity 35399K, committed 35496K, reserved 1079296K
  class space    used 4864K, capacity 5032K, committed 5032K, reserved 1048576K
Event: 18.907 GC heap after
Heap after GC invocations=9 (full 1):
 PSYoungGen      total 91648K, used 11258K [0x00000000e0000000, 0x00000000e6700000, 0x0000000100000000)
  eden space 79872K, 0% used [0x00000000e0000000,0x00000000e0000000,0x00000000e4e00000)
  from space 11776K, 95% used [0x00000000e5a80000,0x00000000e657e970,0x00000000e6600000)
  to   space 12800K, 0% used [0x00000000e4e00000,0x00000000e4e00000,0x00000000e5a80000)
 ParOldGen       total 81920K, used 9843K [0x00000000a0000000, 0x00000000a5000000, 0x00000000e0000000)
  object space 81920K, 12% used [0x00000000a0000000,0x00000000a099cff8,0x00000000a5000000)
 Metaspace       used 34614K, capacity 35399K, committed 35496K, reserved 1079296K
  class space    used 4864K, capacity 5032K, committed 5032K, reserved 1048576K
}
Event: 18.907 GC heap before
{Heap before GC invocations=10 (full 2):
 PSYoungGen      total 91648K, used 11258K [0x00000000e0000000, 0x00000000e6700000, 0x0000000100000000)
  eden space 79872K, 0% used [0x00000000e0000000,0x00000000e0000000,0x00000000e4e00000)
  from space 11776K, 95% used [0x00000000e5a80000,0x00000000e657e970,0x00000000e6600000)
  to   space 12800K, 0% used [0x00000000e4e00000,0x00000000e4e00000,0x00000000e5a80000)
 ParOldGen       total 81920K, used 9843K [0x00000000a0000000, 0x00000000a5000000, 0x00000000e0000000)
  object space 81920K, 12% used [0x00000000a0000000,0x00000000a099cff8,0x00000000a5000000)
 Metaspace       used 34614K, capacity 35399K, committed 35496K, reserved 1079296K
  class space    used 4864K, capacity 5032K, committed 5032K, reserved 1048576K
Event: 18.995 GC heap after
Heap after GC invocations=10 (full 2):
 PSYoungGen      total 91648K, used 0K [0x00000000e0000000, 0x00000000e6700000, 0x0000000100000000)
  eden space 79872K, 0% used [0x00000000e0000000,0x00000000e0000000,0x00000000e4e00000)
  from space 11776K, 0% used [0x00000000e5a80000,0x00000000e5a80000,0x00000000e6600000)
  to   space 12800K, 0% used [0x00000000e4e00000,0x00000000e4e00000,0x00000000e5a80000)
 ParOldGen       total 129536K, used 18024K [0x00000000a0000000, 0x00000000a7e80000, 0x00000000e0000000)
  object space 129536K, 13% used [0x00000000a0000000,0x00000000a119a2e0,0x00000000a7e80000)
 Metaspace       used 34592K, capacity 35327K, committed 35496K, reserved 1079296K
  class space    used 4857K, capacity 5020K, committed 5032K, reserved 1048576K
}
Event: 22.491 GC heap before
{Heap before GC invocations=11 (full 2):
 PSYoungGen      total 91648K, used 79872K [0x00000000e0000000, 0x00000000e6700000, 0x0000000100000000)
  eden space 79872K, 100% used [0x00000000e0000000,0x00000000e4e00000,0x00000000e4e00000)
  from space 11776K, 0% used [0x00000000e5a80000,0x00000000e5a80000,0x00000000e6600000)
  to   space 12800K, 0% used [0x00000000e4e00000,0x00000000e4e00000,0x00000000e5a80000)
 ParOldGen       total 129536K, used 18024K [0x00000000a0000000, 0x00000000a7e80000, 0x00000000e0000000)
  object space 129536K, 13% used [0x00000000a0000000,0x00000000a119a2e0,0x00000000a7e80000)
 Metaspace       used 43081K, capacity 43961K, committed 44200K, reserved 1087488K
  class space    used 5949K, capacity 6199K, committed 6312K, reserved 1048576K
Event: 22.503 GC heap after
Heap after GC invocations=11 (full 2):
 PSYoungGen      total 92672K, used 10703K [0x00000000e0000000, 0x00000000e7a80000, 0x0000000100000000)
  eden space 79872K, 0% used [0x00000000e0000000,0x00000000e0000000,0x00000000e4e00000)
  from space 12800K, 83% used [0x00000000e4e00000,0x00000000e5873fa8,0x00000000e5a80000)
  to   space 13312K, 0% used [0x00000000e6d80000,0x00000000e6d80000,0x00000000e7a80000)
 ParOldGen       total 129536K, used 18032K [0x00000000a0000000, 0x00000000a7e80000, 0x00000000e0000000)
  object space 129536K, 13% used [0x00000000a0000000,0x00000000a119c2e0,0x00000000a7e80000)
 Metaspace       used 43081K, capacity 43961K, committed 44200K, reserved 1087488K
  class space    used 5949K, capacity 6199K, committed 6312K, reserved 1048576K
}

